<?xml version="1.0" encoding="UTF-8"?>
<!-- Generated by org.testng.reporters.JUnitReportReporter -->
<testsuite skipped="0" hostname="DESKTOP-2JABQ32" name="com.naukri.qa.page.test.LoginPageTest" tests="3" failures="0" timestamp="2022-10-28T07:22:17 IST" time="6.439" errors="0">
  <testcase name="verifyNaukriLogoTest" time="0.084" classname="com.naukri.qa.page.test.LoginPageTest"/>
  <system-out/>
  <testcase name="verifyLoginPageTitleTest" time="0.041" classname="com.naukri.qa.page.test.LoginPageTest"/>
  <system-out/>
  <testcase name="verifyLoginPageTest" time="6.314" classname="com.naukri.qa.page.test.LoginPageTest"/>
  <system-out/>
</testsuite> <!-- com.naukri.qa.page.test.LoginPageTest -->
