<?xml version="1.0" encoding="UTF-8"?>
<!-- Generated by org.testng.reporters.JUnitReportReporter -->
<testsuite skipped="0" hostname="DESKTOP-2JABQ32" name="com.naukri.qa.page.test.PendingActionsTest" tests="5" failures="0" timestamp="2022-10-28T07:22:17 IST" time="50.491" errors="0">
  <testcase name="verifYPendingLogoTest" time="0.017" classname="com.naukri.qa.page.test.PendingActionsTest"/>
  <system-out/>
  <testcase name="verifyPenfingActionsTextTest" time="0.055" classname="com.naukri.qa.page.test.PendingActionsTest"/>
  <system-out/>
  <testcase name="selectAllTabs" time="11.701" classname="com.naukri.qa.page.test.PendingActionsTest"/>
  <system-out/>
  <testcase name="footerText" time="4.082" classname="com.naukri.qa.page.test.PendingActionsTest"/>
  <system-out/>
  <testcase name="enterfields" time="34.636" classname="com.naukri.qa.page.test.PendingActionsTest"/>
  <system-out/>
</testsuite> <!-- com.naukri.qa.page.test.PendingActionsTest -->
