<?xml version="1.0" encoding="UTF-8"?>
<!-- Generated by org.testng.reporters.JUnitReportReporter -->
<testsuite skipped="0" hostname="DESKTOP-2JABQ32" name="com.naukri.qa.page.test.HomePageTest" tests="3" failures="0" timestamp="2022-10-28T07:22:17 IST" time="31.918" errors="0">
  <testcase name="verifyHomePageTitle" time="18.365" classname="com.naukri.qa.page.test.HomePageTest"/>
  <system-out/>
  <testcase name="verifyHomePageLogo" time="0.042" classname="com.naukri.qa.page.test.HomePageTest"/>
  <system-out/>
  <testcase name="enterInSerachFeild" time="13.511" classname="com.naukri.qa.page.test.HomePageTest"/>
  <system-out/>
</testsuite> <!-- com.naukri.qa.page.test.HomePageTest -->
